/*C2*/SET SCHEMA PUBLIC
DELETE FROM "mendixsystem$version" WHERE "versionnumber"='4.2'
INSERT INTO "mendixsystem$version" VALUES('4.2','2018-06-08 18:51:55.279000','3.0.0','unversioned','SmartRepository')
COMMIT
DELETE FROM "system$userrole" WHERE "id"=2814749767106561
INSERT INTO "system$userrole" VALUES(2814749767106561,'8dd52bfa-6d7e-453b-b506-303c0a3d9567','','Administrator')
DELETE FROM "system$userrole" WHERE "id"=2814749767106562
INSERT INTO "system$userrole" VALUES(2814749767106562,'53f5d6fa-6da9-4a71-b011-454ec052cce8','','User')
COMMIT
DELETE FROM "mendixsystem$properties" WHERE "key"='Mendix.Runtime.DeploymentID'
INSERT INTO "mendixsystem$properties" VALUES('Mendix.Runtime.DeploymentID','636640809045292877')
COMMIT
DELETE FROM "system$session" WHERE "id"=6473924464345089
DELETE FROM "system$session_user" WHERE "system$sessionid"=6473924464345089 AND "system$userid"=281474976710657
COMMIT
/*C3*/SET SCHEMA PUBLIC
DELETE FROM "mendixsystem$entityidentifier" WHERE "id"='d4154981-8dac-4150-aec5-efa3ef62a7a2'
INSERT INTO "mendixsystem$entityidentifier" VALUES('d4154981-8dac-4150-aec5-efa3ef62a7a2',2,201)
COMMIT
INSERT INTO "system$xasinstance" VALUES(562949953421413,'621f5bcb-9961-4174-8c8e-a10035b080d9','2018-06-08 16:55:14.237000','2018-06-08 16:55:14.186000',NULL,NULL,NULL)
COMMIT
DELETE FROM "mendixsystem$entityidentifier" WHERE "id"='282e2e60-88a5-469d-84a5-ba8d9151644f'
INSERT INTO "mendixsystem$entityidentifier" VALUES('282e2e60-88a5-469d-84a5-ba8d9151644f',1,201)
COMMIT
INSERT INTO "system$user" VALUES(281474976710757,'2018-06-08 16:55:15.721000',TRUE,'2018-06-08 16:55:15.721000','2018-06-08 16:55:15.818000',FALSE,TRUE,0,FALSE,'Anonymous_af0431c7-d159-4aba-9fed-f321dcd5922d','{BCrypt}$2a$10$QjEBZYOKm4qZX/Y2gLtDV.nLKf5ds6o.MqWrrGd6erFJjDIo/OkX.','System.User',NULL,281474976710757)
INSERT INTO "system$userroles" VALUES(281474976710757,2814749767106561)
INSERT INTO "system$user_language" VALUES(281474976710757,7318349394477057)
COMMIT
DELETE FROM "system$user" WHERE "id"=281474976710757
INSERT INTO "system$user" VALUES(281474976710757,'2018-06-08 16:55:15.721000',TRUE,'2018-06-08 16:55:15.721000','2018-06-08 16:55:15.838000',FALSE,TRUE,0,FALSE,'Anonymous_af0431c7-d159-4aba-9fed-f321dcd5922d','{BCrypt}$2a$10$QjEBZYOKm4qZX/Y2gLtDV.nLKf5ds6o.MqWrrGd6erFJjDIo/OkX.','System.User',NULL,281474976710757)
COMMIT
/*C4*/SET SCHEMA PUBLIC
DELETE FROM "mendixsystem$entityidentifier" WHERE "id"='37f9fd49-5318-4c63-9a51-f761779b202f'
INSERT INTO "mendixsystem$entityidentifier" VALUES('37f9fd49-5318-4c63-9a51-f761779b202f',23,201)
COMMIT
INSERT INTO "system$session" VALUES(6473924464345189,'791765b4-7cae-43d8-ac4d-4efc6c0e76af','2018-06-08 16:55:15.866000','80c02883-09e7-4f25-9293-c531fb1a7f5d','2018-06-08 16:55:15.866000','bf7cc3dd-9478-43b5-a4d8-975198f1e6df')
INSERT INTO "system$session_user" VALUES(6473924464345189,281474976710757)
COMMIT
/*C5*/SET SCHEMA PUBLIC
DELETE FROM "mendixsystem$entityidentifier" WHERE "id"='5a6c0080-7ac4-4df7-a6e9-6d445373eea7'
INSERT INTO "mendixsystem$entityidentifier" VALUES('5a6c0080-7ac4-4df7-a6e9-6d445373eea7',6,101)
COMMIT
INSERT INTO "myfirstmodule$incident" VALUES(1688849860263937,'Linux','12345',NULL,NULL,'Incident','Nothing','Server','Medium')
COMMIT
INSERT INTO "myfirstmodule$incident" VALUES(1688849860263938,'Windows','23456',NULL,NULL,'Incident','did something','Server','High')
COMMIT
/*C4*/DELETE FROM "mendixsystem$entityidentifier" WHERE "id"='8c3dcd2e-6610-4243-991e-893f07452401'
INSERT INTO "mendixsystem$entityidentifier" VALUES('8c3dcd2e-6610-4243-991e-893f07452401',22,101)
COMMIT
/*C7*/SET SCHEMA PUBLIC
DELETE FROM "system$xasinstance" WHERE "id"=562949953421413
INSERT INTO "system$xasinstance" VALUES(562949953421413,'621f5bcb-9961-4174-8c8e-a10035b080d9','2018-06-08 16:55:14.237000','2018-06-08 17:00:14.279000',NULL,NULL,NULL)
COMMIT
/*C6*/SET SCHEMA PUBLIC
DELETE FROM "system$session" WHERE "id"=6473924464345189
INSERT INTO "system$session" VALUES(6473924464345189,'791765b4-7cae-43d8-ac4d-4efc6c0e76af','2018-06-08 16:55:15.866000','80c02883-09e7-4f25-9293-c531fb1a7f5d','2018-06-08 17:00:13.789000','bf7cc3dd-9478-43b5-a4d8-975198f1e6df')
COMMIT
/*C2*/DISCONNECT
/*C4*/DELETE FROM "system$xasinstance" WHERE "id"=562949953421413
INSERT INTO "system$xasinstance" VALUES(562949953421413,'621f5bcb-9961-4174-8c8e-a10035b080d9','2018-06-08 16:55:14.237000','2018-06-08 17:05:14.291000',NULL,NULL,NULL)
COMMIT
DELETE FROM "system$session" WHERE "id"=6473924464345189
INSERT INTO "system$session" VALUES(6473924464345189,'791765b4-7cae-43d8-ac4d-4efc6c0e76af','2018-06-08 16:55:15.866000','80c02883-09e7-4f25-9293-c531fb1a7f5d','2018-06-08 17:04:18.893000','bf7cc3dd-9478-43b5-a4d8-975198f1e6df')
COMMIT
/*C3*/DISCONNECT
/*C5*/DISCONNECT
/*C4*/DELETE FROM "system$xasinstance" WHERE "id"=562949953421413
INSERT INTO "system$xasinstance" VALUES(562949953421413,'621f5bcb-9961-4174-8c8e-a10035b080d9','2018-06-08 16:55:14.237000','2018-06-08 17:10:14.306000',NULL,NULL,NULL)
COMMIT
/*C6*/DISCONNECT
/*C7*/DELETE FROM "system$user" WHERE "id"=281474976710757
DELETE FROM "system$userroles" WHERE "system$userid"=281474976710757 AND "system$userroleid"=2814749767106561
DELETE FROM "system$user_language" WHERE "system$userid"=281474976710757 AND "system$languageid"=7318349394477057
DELETE FROM "system$session_user" WHERE "system$sessionid"=6473924464345189 AND "system$userid"=281474976710757
COMMIT
DELETE FROM "system$session" WHERE "id"=6473924464345189
COMMIT
/*C8*/SET SCHEMA PUBLIC
DELETE FROM "system$xasinstance" WHERE "id"=562949953421413
INSERT INTO "system$xasinstance" VALUES(562949953421413,'621f5bcb-9961-4174-8c8e-a10035b080d9','2018-06-08 16:55:14.237000','2018-06-08 17:15:14.328000',NULL,NULL,NULL)
COMMIT
/*C9*/SET SCHEMA PUBLIC
INSERT INTO "system$user" VALUES(281474976710758,'2018-06-08 17:17:09.474000',TRUE,'2018-06-08 17:17:09.474000','2018-06-08 17:17:09.556000',FALSE,TRUE,0,FALSE,'Anonymous_8d5ade99-e853-4d43-b658-031b6a581dac','{BCrypt}$2a$10$h0DJgv3uPGP6S6o0IRNsvuO1OL1P4MU3lQhd66SPBjxRzEiXYsnSC','System.User',NULL,281474976710758)
INSERT INTO "system$userroles" VALUES(281474976710758,2814749767106561)
INSERT INTO "system$user_language" VALUES(281474976710758,7318349394477057)
COMMIT
DELETE FROM "system$user" WHERE "id"=281474976710758
INSERT INTO "system$user" VALUES(281474976710758,'2018-06-08 17:17:09.474000',TRUE,'2018-06-08 17:17:09.474000','2018-06-08 17:17:09.564000',FALSE,TRUE,0,FALSE,'Anonymous_8d5ade99-e853-4d43-b658-031b6a581dac','{BCrypt}$2a$10$h0DJgv3uPGP6S6o0IRNsvuO1OL1P4MU3lQhd66SPBjxRzEiXYsnSC','System.User',NULL,281474976710758)
COMMIT
INSERT INTO "system$session" VALUES(6473924464345190,'390b2a8f-ebcb-4355-b7ab-c659c3dd6496','2018-06-08 17:17:09.574000','d4eb5b6f-daf7-42d6-8e06-fd696741e040','2018-06-08 17:17:09.574000','842e13ae-2973-4951-952d-cb673faed201')
INSERT INTO "system$session_user" VALUES(6473924464345190,281474976710758)
COMMIT
/*C7*/DELETE FROM "system$xasinstance" WHERE "id"=562949953421413
INSERT INTO "system$xasinstance" VALUES(562949953421413,'621f5bcb-9961-4174-8c8e-a10035b080d9','2018-06-08 16:55:14.237000','2018-06-08 17:20:14.356000',NULL,NULL,NULL)
COMMIT
DELETE FROM "system$session" WHERE "id"=6473924464345190
INSERT INTO "system$session" VALUES(6473924464345190,'390b2a8f-ebcb-4355-b7ab-c659c3dd6496','2018-06-08 17:17:09.574000','d4eb5b6f-daf7-42d6-8e06-fd696741e040','2018-06-08 17:17:59.755000','842e13ae-2973-4951-952d-cb673faed201')
COMMIT
/*C9*/DISCONNECT
/*C4*/DELETE FROM "system$xasinstance" WHERE "id"=562949953421413
INSERT INTO "system$xasinstance" VALUES(562949953421413,'621f5bcb-9961-4174-8c8e-a10035b080d9','2018-06-08 16:55:14.237000','2018-06-08 17:25:14.374000',NULL,NULL,NULL)
COMMIT
/*C7*/DISCONNECT
/*C4*/DELETE FROM "system$user" WHERE "id"=281474976710758
DELETE FROM "system$userroles" WHERE "system$userid"=281474976710758 AND "system$userroleid"=2814749767106561
DELETE FROM "system$user_language" WHERE "system$userid"=281474976710758 AND "system$languageid"=7318349394477057
DELETE FROM "system$session_user" WHERE "system$sessionid"=6473924464345190 AND "system$userid"=281474976710758
COMMIT
DELETE FROM "system$session" WHERE "id"=6473924464345190
COMMIT
DELETE FROM "system$xasinstance" WHERE "id"=562949953421413
INSERT INTO "system$xasinstance" VALUES(562949953421413,'621f5bcb-9961-4174-8c8e-a10035b080d9','2018-06-08 16:55:14.237000','2018-06-08 18:20:05.188000',NULL,NULL,NULL)
COMMIT
